<?xml version="1.0" encoding="UTF-8"?>
<!-- Generated by org.testng.reporters.JUnitXMLReporter -->
<testsuite hostname="hp" name="Test" tests="6" failures="0" timestamp="19 Mar 2018 18:48:16 GMT" time="12.928" errors="0">
  <testcase name="testCaseOne" time="0.028" classname="Testngparallel.Testclass"/>
  <testcase name="testCaseOne" time="0.028" classname="Testngparallel.Testclass2"/>
  <testcase name="testCaseTwo" time="0.004" classname="Testngparallel.Testclass2"/>
  <testcase name="testCaseTwo" time="0.02" classname="Testngparallel.Testclass"/>
  <testcase name="urllaunch" time="10.464" classname="Testngparallel.login1"/>
  <testcase name="launchurl" time="12.898" classname="Testngparallel.login"/>
</testsuite> <!-- Test -->
